<?xml version="1.0" encoding="UTF-8"?>
<testng-results ignored="0" total="5" passed="2" failed="2" skipped="1">
  <reporter-output>
  </reporter-output>
  <suite started-at="2024-07-09T19:50:36 IST" name="Suite" finished-at="2024-07-09T19:50:56 IST" duration-ms="20614">
    <groups>
      <group name="ErrorHandling">
        <method signature="ErrorValidationsTest.LoginErrorValidation()[pri:0, instance:supratimdas.SeleniumFrameworkDesign.ErrorValidationsTest@79c7532f]" name="LoginErrorValidation" class="supratimdas.SeleniumFrameworkDesign.ErrorValidationsTest"/>
      </group> <!-- ErrorHandling -->
      <group name="Purchase">
        <method signature="SubmitOrderTest.submitOrder(java.util.HashMap)[pri:0, instance:supratimdas.SeleniumFrameworkDesign.SubmitOrderTest@1f010bf0]" name="submitOrder" class="supratimdas.SeleniumFrameworkDesign.SubmitOrderTest"/>
      </group> <!-- Purchase -->
    </groups>
    <test started-at="2024-07-09T19:50:36 IST" name="Base Validation Test" finished-at="2024-07-09T19:50:36 IST" duration-ms="22">
    </test> <!-- Base Validation Test -->
    <test started-at="2024-07-09T19:50:36 IST" name="Submit Order Test" finished-at="2024-07-09T19:50:53 IST" duration-ms="17714">
      <class name="supratimdas.SeleniumFrameworkDesign.SubmitOrderTest">
        <test-method is-config="true" signature="launchApplication()[pri:0, instance:supratimdas.SeleniumFrameworkDesign.SubmitOrderTest@1f010bf0]" started-at="2024-07-09T19:50:36 IST" name="launchApplication" finished-at="2024-07-09T19:50:45 IST" duration-ms="8756" status="PASS">
          <reporter-output>
          </reporter-output>
        </test-method> <!-- launchApplication -->
        <test-method signature="submitOrder(java.util.HashMap)[pri:0, instance:supratimdas.SeleniumFrameworkDesign.SubmitOrderTest@1f010bf0]" started-at="2024-07-09T19:50:45 IST" name="submitOrder" data-provider="getData" finished-at="2024-07-09T19:50:46 IST" duration-ms="1170" status="FAIL">
          <params>
            <param index="0">
              <value>
                <![CDATA[{password=Testing@123, product=ZARA COAT 3, email=das.supratim98@gmail.com}]]>
              </value>
            </param>
          </params>
          <exception class="java.lang.NullPointerException">
            <message>
              <![CDATA[Cannot invoke "org.openqa.selenium.WebElement.findElement(org.openqa.selenium.By)" because "prod" is null]]>
            </message>
            <full-stacktrace>
              <![CDATA[java.lang.NullPointerException: Cannot invoke "org.openqa.selenium.WebElement.findElement(org.openqa.selenium.By)" because "prod" is null
at supratimdas.pageobjects.ProductCatalogue.addProductToCart(ProductCatalogue.java:65)
at supratimdas.SeleniumFrameworkDesign.SubmitOrderTest.submitOrder(SubmitOrderTest.java:48)
at java.base/jdk.internal.reflect.NativeMethodAccessorImpl.invoke0(Native Method)
at java.base/jdk.internal.reflect.NativeMethodAccessorImpl.invoke(NativeMethodAccessorImpl.java:77)
at java.base/jdk.internal.reflect.DelegatingMethodAccessorImpl.invoke(DelegatingMethodAccessorImpl.java:43)
at java.base/java.lang.reflect.Method.invoke(Method.java:568)
at org.testng.internal.invokers.MethodInvocationHelper.invokeMethod(MethodInvocationHelper.java:141)
at org.testng.internal.invokers.TestInvoker.invokeMethod(TestInvoker.java:686)
at org.testng.internal.invokers.TestInvoker.invokeTestMethod(TestInvoker.java:230)
at org.testng.internal.invokers.MethodRunner.runInSequence(MethodRunner.java:63)
at org.testng.internal.invokers.TestInvoker$MethodInvocationAgent.invoke(TestInvoker.java:992)
at org.testng.internal.invokers.TestInvoker.invokeTestMethods(TestInvoker.java:203)
at org.testng.internal.invokers.TestMethodWorker.invokeTestMethods(TestMethodWorker.java:154)
at org.testng.internal.invokers.TestMethodWorker.run(TestMethodWorker.java:134)
at java.base/java.util.ArrayList.forEach(ArrayList.java:1511)
at org.testng.TestRunner.privateRun(TestRunner.java:739)
at org.testng.TestRunner.run(TestRunner.java:614)
at org.testng.SuiteRunner.runTest(SuiteRunner.java:421)
at org.testng.SuiteRunner$SuiteWorker.run(SuiteRunner.java:463)
at org.testng.internal.thread.ThreadUtil.lambda$execute$0(ThreadUtil.java:64)
at java.base/java.util.concurrent.FutureTask.run(FutureTask.java:264)
at java.base/java.util.concurrent.ThreadPoolExecutor.runWorker(ThreadPoolExecutor.java:1136)
at java.base/java.util.concurrent.ThreadPoolExecutor$Worker.run(ThreadPoolExecutor.java:635)
at java.base/java.lang.Thread.run(Thread.java:840)
]]>
            </full-stacktrace>
          </exception> <!-- java.lang.NullPointerException -->
          <reporter-output>
          </reporter-output>
        </test-method> <!-- submitOrder -->
        <test-method is-config="true" signature="launchApplication()[pri:0, instance:supratimdas.SeleniumFrameworkDesign.SubmitOrderTest@1f010bf0]" started-at="2024-07-09T19:50:47 IST" name="launchApplication" finished-at="2024-07-09T19:50:52 IST" duration-ms="5312" status="PASS">
          <reporter-output>
          </reporter-output>
        </test-method> <!-- launchApplication -->
        <test-method signature="submitOrder(java.util.HashMap)[pri:0, instance:supratimdas.SeleniumFrameworkDesign.SubmitOrderTest@1f010bf0]" started-at="2024-07-09T19:50:52 IST" name="submitOrder" data-provider="getData" finished-at="2024-07-09T19:50:53 IST" duration-ms="1264" status="FAIL">
          <params>
            <param index="0">
              <value>
                <![CDATA[{password=Testing@123, product=ADIDAS ORIGINAL, email=das.supratim98@gmail.com}]]>
              </value>
            </param>
          </params>
          <exception class="java.lang.NullPointerException">
            <message>
              <![CDATA[Cannot invoke "org.openqa.selenium.WebElement.findElement(org.openqa.selenium.By)" because "prod" is null]]>
            </message>
            <full-stacktrace>
              <![CDATA[java.lang.NullPointerException: Cannot invoke "org.openqa.selenium.WebElement.findElement(org.openqa.selenium.By)" because "prod" is null
at supratimdas.pageobjects.ProductCatalogue.addProductToCart(ProductCatalogue.java:65)
at supratimdas.SeleniumFrameworkDesign.SubmitOrderTest.submitOrder(SubmitOrderTest.java:48)
at java.base/jdk.internal.reflect.NativeMethodAccessorImpl.invoke0(Native Method)
at java.base/jdk.internal.reflect.NativeMethodAccessorImpl.invoke(NativeMethodAccessorImpl.java:77)
at java.base/jdk.internal.reflect.DelegatingMethodAccessorImpl.invoke(DelegatingMethodAccessorImpl.java:43)
at java.base/java.lang.reflect.Method.invoke(Method.java:568)
at org.testng.internal.invokers.MethodInvocationHelper.invokeMethod(MethodInvocationHelper.java:141)
at org.testng.internal.invokers.TestInvoker.invokeMethod(TestInvoker.java:686)
at org.testng.internal.invokers.TestInvoker.invokeTestMethod(TestInvoker.java:230)
at org.testng.internal.invokers.MethodRunner.runInSequence(MethodRunner.java:63)
at org.testng.internal.invokers.TestInvoker$MethodInvocationAgent.invoke(TestInvoker.java:992)
at org.testng.internal.invokers.TestInvoker.invokeTestMethods(TestInvoker.java:203)
at org.testng.internal.invokers.TestMethodWorker.invokeTestMethods(TestMethodWorker.java:154)
at org.testng.internal.invokers.TestMethodWorker.run(TestMethodWorker.java:134)
at java.base/java.util.ArrayList.forEach(ArrayList.java:1511)
at org.testng.TestRunner.privateRun(TestRunner.java:739)
at org.testng.TestRunner.run(TestRunner.java:614)
at org.testng.SuiteRunner.runTest(SuiteRunner.java:421)
at org.testng.SuiteRunner$SuiteWorker.run(SuiteRunner.java:463)
at org.testng.internal.thread.ThreadUtil.lambda$execute$0(ThreadUtil.java:64)
at java.base/java.util.concurrent.FutureTask.run(FutureTask.java:264)
at java.base/java.util.concurrent.ThreadPoolExecutor.runWorker(ThreadPoolExecutor.java:1136)
at java.base/java.util.concurrent.ThreadPoolExecutor$Worker.run(ThreadPoolExecutor.java:635)
at java.base/java.lang.Thread.run(Thread.java:840)
]]>
            </full-stacktrace>
          </exception> <!-- java.lang.NullPointerException -->
          <reporter-output>
          </reporter-output>
        </test-method> <!-- submitOrder -->
        <test-method signature="OrderHistoryTest()[pri:0, instance:supratimdas.SeleniumFrameworkDesign.SubmitOrderTest@1f010bf0]" started-at="2024-07-09T19:50:53 IST" name="OrderHistoryTest" finished-at="2024-07-09T19:50:53 IST" depends-on-methods="supratimdas.SeleniumFrameworkDesign.SubmitOrderTest.submitOrder" duration-ms="0" status="SKIP">
          <exception class="java.lang.Throwable">
            <message>
              <![CDATA[Method supratimdas.SeleniumFrameworkDesign.SubmitOrderTest.OrderHistoryTest() on instance supratimdas.SeleniumFrameworkDesign.SubmitOrderTest@1f010bf0 depends on not successfully finished methods 
[supratimdas.SeleniumFrameworkDesign.SubmitOrderTest.submitOrder() on instance supratimdas.SeleniumFrameworkDesign.SubmitOrderTest@1f010bf0]]]>
            </message>
            <full-stacktrace>
              <![CDATA[java.lang.Throwable: Method supratimdas.SeleniumFrameworkDesign.SubmitOrderTest.OrderHistoryTest() on instance supratimdas.SeleniumFrameworkDesign.SubmitOrderTest@1f010bf0 depends on not successfully finished methods 
[supratimdas.SeleniumFrameworkDesign.SubmitOrderTest.submitOrder() on instance supratimdas.SeleniumFrameworkDesign.SubmitOrderTest@1f010bf0]
at org.testng.internal.invokers.TestInvoker.invokeTestMethods(TestInvoker.java:159)
at org.testng.internal.invokers.TestMethodWorker.invokeTestMethods(TestMethodWorker.java:154)
at org.testng.internal.invokers.TestMethodWorker.run(TestMethodWorker.java:134)
at java.base/java.util.ArrayList.forEach(ArrayList.java:1511)
at org.testng.TestRunner.privateRun(TestRunner.java:739)
at org.testng.TestRunner.run(TestRunner.java:614)
at org.testng.SuiteRunner.runTest(SuiteRunner.java:421)
at org.testng.SuiteRunner$SuiteWorker.run(SuiteRunner.java:463)
at org.testng.internal.thread.ThreadUtil.lambda$execute$0(ThreadUtil.java:64)
at java.base/java.util.concurrent.FutureTask.run(FutureTask.java:264)
at java.base/java.util.concurrent.ThreadPoolExecutor.runWorker(ThreadPoolExecutor.java:1136)
at java.base/java.util.concurrent.ThreadPoolExecutor$Worker.run(ThreadPoolExecutor.java:635)
at java.base/java.lang.Thread.run(Thread.java:840)
]]>
            </full-stacktrace>
          </exception> <!-- java.lang.Throwable -->
          <reporter-output>
          </reporter-output>
        </test-method> <!-- OrderHistoryTest -->
      </class> <!-- supratimdas.SeleniumFrameworkDesign.SubmitOrderTest -->
    </test> <!-- Submit Order Test -->
    <test started-at="2024-07-09T19:50:36 IST" name="Error Validation Test" finished-at="2024-07-09T19:50:56 IST" duration-ms="20614">
      <class name="supratimdas.SeleniumFrameworkDesign.ErrorValidationsTest">
        <test-method is-config="true" signature="launchApplication()[pri:0, instance:supratimdas.SeleniumFrameworkDesign.ErrorValidationsTest@79c7532f]" started-at="2024-07-09T19:50:36 IST" name="launchApplication" finished-at="2024-07-09T19:50:46 IST" duration-ms="9871" status="PASS">
          <reporter-output>
          </reporter-output>
        </test-method> <!-- launchApplication -->
        <test-method signature="LoginErrorValidation()[pri:0, instance:supratimdas.SeleniumFrameworkDesign.ErrorValidationsTest@79c7532f]" started-at="2024-07-09T19:50:46 IST" name="LoginErrorValidation" finished-at="2024-07-09T19:50:46 IST" duration-ms="476" status="PASS">
          <reporter-output>
          </reporter-output>
        </test-method> <!-- LoginErrorValidation -->
        <test-method is-config="true" signature="launchApplication()[pri:0, instance:supratimdas.SeleniumFrameworkDesign.ErrorValidationsTest@79c7532f]" started-at="2024-07-09T19:50:46 IST" name="launchApplication" finished-at="2024-07-09T19:50:52 IST" duration-ms="5652" status="PASS">
          <reporter-output>
          </reporter-output>
        </test-method> <!-- launchApplication -->
        <test-method signature="ProductErrorValidation()[pri:0, instance:supratimdas.SeleniumFrameworkDesign.ErrorValidationsTest@79c7532f]" started-at="2024-07-09T19:50:52 IST" name="ProductErrorValidation" finished-at="2024-07-09T19:50:56 IST" duration-ms="4536" status="PASS">
          <reporter-output>
          </reporter-output>
        </test-method> <!-- ProductErrorValidation -->
      </class> <!-- supratimdas.SeleniumFrameworkDesign.ErrorValidationsTest -->
    </test> <!-- Error Validation Test -->
  </suite> <!-- Suite -->
</testng-results>
